  Login.cpp
D:\WorkSpace\PBL2_GUI\PBL2\PBL2\Add_Form.h(3,9): warning C4067: unexpected tokens following preprocessor directive - expected a newline
D:\WorkSpace\PBL2_GUI\PBL2\PBL2\Add_Form.h(741,16): warning C4996: 'localtime': This function or variable may be unsafe. Consider using localtime_s instead. To disable deprecation, use _CRT_SECURE_NO_WARNINGS. See online help for details.
D:\WorkSpace\PBL2_GUI\PBL2\PBL2\Add_Form.h(777,16): warning C4996: 'localtime': This function or variable may be unsafe. Consider using localtime_s instead. To disable deprecation, use _CRT_SECURE_NO_WARNINGS. See online help for details.
D:\WorkSpace\PBL2_GUI\PBL2\PBL2\Add_Form.h(813,16): warning C4996: 'localtime': This function or variable may be unsafe. Consider using localtime_s instead. To disable deprecation, use _CRT_SECURE_NO_WARNINGS. See online help for details.
D:\WorkSpace\PBL2_GUI\PBL2\PBL2\Import_Form.h(3,9): warning C4067: unexpected tokens following preprocessor directive - expected a newline
D:\WorkSpace\PBL2_GUI\PBL2\PBL2\Import_Form.h(577,13): warning C4996: 'localtime': This function or variable may be unsafe. Consider using localtime_s instead. To disable deprecation, use _CRT_SECURE_NO_WARNINGS. See online help for details.
D:\WorkSpace\PBL2_GUI\PBL2\PBL2\Import_Form.h(660,17): warning C4244: 'initializing': conversion from '__int64' to 'int', possible loss of data
D:\WorkSpace\PBL2_GUI\PBL2\PBL2\Export_Form.h(3,9): warning C4067: unexpected tokens following preprocessor directive - expected a newline
D:\WorkSpace\PBL2_GUI\PBL2\PBL2\Export_Form.h(504,13): warning C4996: 'localtime': This function or variable may be unsafe. Consider using localtime_s instead. To disable deprecation, use _CRT_SECURE_NO_WARNINGS. See online help for details.
D:\WorkSpace\PBL2_GUI\PBL2\PBL2\Export_Form.h(572,17): warning C4244: 'initializing': conversion from '__int64' to 'int', possible loss of data
  MainForm.cpp
D:\WorkSpace\PBL2_GUI\PBL2\PBL2\Add_Form.h(3,9): warning C4067: unexpected tokens following preprocessor directive - expected a newline
D:\WorkSpace\PBL2_GUI\PBL2\PBL2\Add_Form.h(741,16): warning C4996: 'localtime': This function or variable may be unsafe. Consider using localtime_s instead. To disable deprecation, use _CRT_SECURE_NO_WARNINGS. See online help for details.
D:\WorkSpace\PBL2_GUI\PBL2\PBL2\Add_Form.h(777,16): warning C4996: 'localtime': This function or variable may be unsafe. Consider using localtime_s instead. To disable deprecation, use _CRT_SECURE_NO_WARNINGS. See online help for details.
D:\WorkSpace\PBL2_GUI\PBL2\PBL2\Add_Form.h(813,16): warning C4996: 'localtime': This function or variable may be unsafe. Consider using localtime_s instead. To disable deprecation, use _CRT_SECURE_NO_WARNINGS. See online help for details.
D:\WorkSpace\PBL2_GUI\PBL2\PBL2\Import_Form.h(3,9): warning C4067: unexpected tokens following preprocessor directive - expected a newline
D:\WorkSpace\PBL2_GUI\PBL2\PBL2\Import_Form.h(577,13): warning C4996: 'localtime': This function or variable may be unsafe. Consider using localtime_s instead. To disable deprecation, use _CRT_SECURE_NO_WARNINGS. See online help for details.
D:\WorkSpace\PBL2_GUI\PBL2\PBL2\Import_Form.h(660,17): warning C4244: 'initializing': conversion from '__int64' to 'int', possible loss of data
D:\WorkSpace\PBL2_GUI\PBL2\PBL2\Export_Form.h(3,9): warning C4067: unexpected tokens following preprocessor directive - expected a newline
D:\WorkSpace\PBL2_GUI\PBL2\PBL2\Export_Form.h(504,13): warning C4996: 'localtime': This function or variable may be unsafe. Consider using localtime_s instead. To disable deprecation, use _CRT_SECURE_NO_WARNINGS. See online help for details.
D:\WorkSpace\PBL2_GUI\PBL2\PBL2\Export_Form.h(572,17): warning C4244: 'initializing': conversion from '__int64' to 'int', possible loss of data
  View_Form.cpp
  Generating Code...
  Add_Form.obj : MSIL module encountered; incremental linking is disabled for MSIL; performing full link
  PBL2.vcxproj -> D:\WorkSpace\PBL2_GUI\PBL2\x64\Release\PBL2.exe
