d:\workspace\pbl2_gui\pbl2\pbl2\x64\release\vc143.pdb
d:\workspace\pbl2_gui\pbl2\pbl2\x64\release\.netframework,version=v4.7.2.assemblyattributes.obj
d:\workspace\pbl2_gui\pbl2\pbl2\x64\release\user.obj
d:\workspace\pbl2_gui\pbl2\pbl2\x64\release\smartwatch.obj
d:\workspace\pbl2_gui\pbl2\pbl2\x64\release\smartphone.obj
d:\workspace\pbl2_gui\pbl2\pbl2\x64\release\product.obj
d:\workspace\pbl2_gui\pbl2\pbl2\x64\release\manage.obj
d:\workspace\pbl2_gui\pbl2\pbl2\x64\release\mainform.obj
d:\workspace\pbl2_gui\pbl2\pbl2\x64\release\login.obj
d:\workspace\pbl2_gui\pbl2\pbl2\x64\release\laptop.obj
d:\workspace\pbl2_gui\pbl2\pbl2\x64\release\date.obj
d:\workspace\pbl2_gui\pbl2\pbl2\x64\release\view_form.obj
d:\workspace\pbl2_gui\pbl2\pbl2\x64\release\adddevice_form.obj
d:\workspace\pbl2_gui\pbl2\pbl2\x64\release\update_form.obj
d:\workspace\pbl2_gui\pbl2\pbl2\x64\release\search_form.obj
d:\workspace\pbl2_gui\pbl2\pbl2\x64\release\add_form.obj
d:\workspace\pbl2_gui\pbl2\pbl2\x64\release\delete_form.obj
d:\workspace\pbl2_gui\pbl2\pbl2\x64\release\import_form.obj
d:\workspace\pbl2_gui\pbl2\pbl2\x64\release\invoice.obj
d:\workspace\pbl2_gui\pbl2\pbl2\x64\release\export_form.obj
d:\workspace\pbl2_gui\pbl2_1\pbl2dm\pbl2\x64\release\vc143.pdb
d:\workspace\pbl2_gui\pbl2_1\pbl2dm\pbl2\x64\release\.netframework,version=v4.7.2.assemblyattributes.obj
d:\workspace\pbl2_gui\pbl2_1\pbl2dm\pbl2\x64\release\view_form.obj
d:\workspace\pbl2_gui\pbl2_1\pbl2dm\pbl2\x64\release\user.obj
d:\workspace\pbl2_gui\pbl2_1\pbl2dm\pbl2\x64\release\update_form.obj
d:\workspace\pbl2_gui\pbl2_1\pbl2dm\pbl2\x64\release\smartwatch.obj
d:\workspace\pbl2_gui\pbl2_1\pbl2dm\pbl2\x64\release\smartphone.obj
d:\workspace\pbl2_gui\pbl2_1\pbl2dm\pbl2\x64\release\search_form.obj
d:\workspace\pbl2_gui\pbl2_1\pbl2dm\pbl2\x64\release\product.obj
d:\workspace\pbl2_gui\pbl2_1\pbl2dm\pbl2\x64\release\manage.obj
d:\workspace\pbl2_gui\pbl2_1\pbl2dm\pbl2\x64\release\mainform.obj
d:\workspace\pbl2_gui\pbl2_1\pbl2dm\pbl2\x64\release\login.obj
d:\workspace\pbl2_gui\pbl2_1\pbl2dm\pbl2\x64\release\laptop.obj
d:\workspace\pbl2_gui\pbl2_1\pbl2dm\pbl2\x64\release\invoice.obj
d:\workspace\pbl2_gui\pbl2_1\pbl2dm\pbl2\x64\release\import_form.obj
d:\workspace\pbl2_gui\pbl2_1\pbl2dm\pbl2\x64\release\export_form.obj
d:\workspace\pbl2_gui\pbl2_1\pbl2dm\pbl2\x64\release\delete_form.obj
d:\workspace\pbl2_gui\pbl2_1\pbl2dm\pbl2\x64\release\add_form.obj
d:\workspace\pbl2_gui\pbl2_1\pbl2dm\x64\release\microsoft.office.interop.excel.dll
d:\workspace\pbl2_gui\pbl2_1\pbl2dm\x64\release\stdole.dll
d:\workspace\pbl2_gui\pbl2\x64\release\pbl2.exe
d:\workspace\pbl2_gui\pbl2\x64\release\pbl2.pdb
d:\workspace\pbl2_gui\pbl2_1\pbl2dm\x64\release\pbl2.exe
d:\workspace\pbl2_gui\pbl2_1\pbl2dm\x64\release\pbl2.pdb
d:\workspace\pbl2_gui\pbl2\pbl2\x64\release\pbl2.tlog\metagen.write.1.tlog
d:\workspace\pbl2_gui\pbl2_1\pbl2dm\pbl2\x64\release\pbl2.tlog\metagen.write.1.tlog
d:\workspace\pbl2_gui\pbl2_1\pbl2dm\pbl2\x64\release\adddevice_form.obj
d:\workspace\pbl2_gui\pbl2_1\pbl2dm\pbl2\x64\release\date.obj
d:\workspace\pbl2_gui\pbl2_1\pbl2dm\pbl2\x64\release\invoice_form.obj
d:\workspace\pbl2_gui\pbl2_1\pbl2dm\pbl2\x64\release\myform.obj
d:\workspace\pbl2_gui\pbl2_1\pbl2dm\pbl2\x64\release\pbl2.tlog\cl.command.1.tlog
d:\workspace\pbl2_gui\pbl2_1\pbl2dm\pbl2\x64\release\pbl2.tlog\cl.read.1.tlog
d:\workspace\pbl2_gui\pbl2_1\pbl2dm\pbl2\x64\release\pbl2.tlog\cl.write.1.tlog
d:\workspace\pbl2_gui\pbl2_1\pbl2dm\pbl2\x64\release\pbl2.tlog\copylocal.read.1u.tlog
d:\workspace\pbl2_gui\pbl2_1\pbl2dm\pbl2\x64\release\pbl2.tlog\copylocal.write.1u.tlog
d:\workspace\pbl2_gui\pbl2_1\pbl2dm\pbl2\x64\release\pbl2.tlog\link.command.1.tlog
d:\workspace\pbl2_gui\pbl2_1\pbl2dm\pbl2\x64\release\pbl2.tlog\link.read.1.tlog
d:\workspace\pbl2_gui\pbl2_1\pbl2dm\pbl2\x64\release\pbl2.tlog\link.write.1.tlog
d:\workspace\pbl2_gui\pbl2_1\pbl2dm\pbl2\x64\release\pbl2.tlog\metagen.read.1.tlog
d:\workspace\pbl2_gui\pbl2_1\pbl2dm\pbl2\x64\release\pbl2.tlog\resgen.command.1.tlog
d:\workspace\pbl2_gui\pbl2_1\pbl2dm\pbl2\x64\release\pbl2.tlog\resgen.read.1.tlog
d:\workspace\pbl2_gui\pbl2_1\pbl2dm\pbl2\x64\release\pbl2.tlog\resgen.write.1.tlog
d:\workspace\pbl2_gui\pbl2_1\pbl2dm\pbl2\x64\release\pbl2.tlog\interop.microsoft.office.core.2.8.dll.metagen
